<?xml version="1.0" encoding="UTF-8"?>
<!-- Generated by org.testng.reporters.JUnitXMLReporter -->
<testsuite ignored="0" hostname="LAPTOP-H2F0LVSP" failures="2" tests="2" name="Cucumber Tests" time="5.083" errors="0" timestamp="2025-02-10T18:29:44 EST">
  <testcase classname="io.cucumber.testng.AbstractTestNGCucumberTests" name="runScenario" time="2.014">
    <failure type="java.lang.IllegalArgumentException" message="Invalid page: loginpage">
      <![CDATA[java.lang.IllegalArgumentException: Invalid page: loginpage
at com.seleniumcucumberframework.qa.stepdefinition.LoginStepDef.userIsOnLoginPage(LoginStepDef.java:72)
at ✽.User is on the "loginpage"(file:///C:/Users/knand/eclipse-workspace/12345/com.seleniumcucumberframework.qa/src/test/resources/features/login.feature:7)
]]>
    </failure>
  </testcase> <!-- runScenario -->
  <testcase classname="io.cucumber.testng.AbstractTestNGCucumberTests" name="runScenario" time="1.761">
    <failure type="java.lang.IllegalArgumentException" message="Invalid page: loginpage">
      <![CDATA[java.lang.IllegalArgumentException: Invalid page: loginpage
at com.seleniumcucumberframework.qa.stepdefinition.LoginStepDef.userIsOnLoginPage(LoginStepDef.java:72)
at ✽.User is on the "loginpage"(file:///C:/Users/knand/eclipse-workspace/12345/com.seleniumcucumberframework.qa/src/test/resources/features/login.feature:15)
]]>
    </failure>
  </testcase> <!-- runScenario -->
</testsuite> <!-- Cucumber Tests -->
